c:\users\xxx\documents\github\cpplearning\2016211985 4lo\debug\vc141.pdb
c:\users\xxx\documents\github\cpplearning\2016211985 4lo\debug\vc141.idb
c:\users\xxx\documents\github\cpplearning\2016211985 4lo\debug\bar.obj
c:\users\xxx\documents\github\cpplearning\2016211985 4lo\debug\circle.obj
c:\users\xxx\documents\github\cpplearning\2016211985 4lo\debug\color.obj
c:\users\xxx\documents\github\cpplearning\2016211985 4lo\debug\coordinate.obj
c:\users\xxx\documents\github\cpplearning\2016211985 4lo\debug\delta.obj
c:\users\xxx\documents\github\cpplearning\2016211985 4lo\debug\eraser.obj
c:\users\xxx\documents\github\cpplearning\2016211985 4lo\debug\graphicscontrol.obj
c:\users\xxx\documents\github\cpplearning\2016211985 4lo\debug\handletrans.obj
c:\users\xxx\documents\github\cpplearning\2016211985 4lo\debug\menu.obj
c:\users\xxx\documents\github\cpplearning\2016211985 4lo\debug\poly.obj
c:\users\xxx\documents\github\cpplearning\2016211985 4lo\debug\project.obj
c:\users\xxx\documents\github\cpplearning\2016211985 4lo\debug\shape.obj
c:\users\xxx\documents\github\cpplearning\2016211985 4lo\debug\2016211985 4lo.ilk
c:\users\xxx\documents\github\cpplearning\2016211985 4lo\debug\2016211985 4lo.exe
c:\users\xxx\documents\github\cpplearning\2016211985 4lo\debug\2016211985 4lo.pdb
c:\users\xxx\documents\github\cpplearning\2016211985 4lo\debug\2016211985 4lo.tlog\cl.command.1.tlog
c:\users\xxx\documents\github\cpplearning\2016211985 4lo\debug\2016211985 4lo.tlog\cl.read.1.tlog
c:\users\xxx\documents\github\cpplearning\2016211985 4lo\debug\2016211985 4lo.tlog\cl.write.1.tlog
c:\users\xxx\documents\github\cpplearning\2016211985 4lo\debug\2016211985 4lo.tlog\link.command.1.tlog
c:\users\xxx\documents\github\cpplearning\2016211985 4lo\debug\2016211985 4lo.tlog\link.read.1.tlog
c:\users\xxx\documents\github\cpplearning\2016211985 4lo\debug\2016211985 4lo.tlog\link.write.1.tlog
